<interactionEvent>
	<kind>selection</kind>
	<date>2007-04-09 23:50:59.372 GMT</date>
	<endDate>2007-04-09 23:50:59.372 GMT</endDate>
	<originId>originId</originId>
	<structureKind>structureKind</structureKind>
	<structureHandle>1</structureHandle>
	<navigation>navigatedRelation</navigation>
	<delta>delta</delta>
	<interestContribution>2.0</interestContribution>
</interactionEvent>
<interactionEvent>
	<kind>selection</kind>
	<date>2007-04-09 23:50:59.372 GMT</date>
	<endDate>2007-04-09 23:50:59.372 GMT</endDate>
	<originId>originId</originId>
	<structureKind>structureKind</structureKind>
	<structureHandle>11</structureHandle>
	<navigation>navigatedRelation</navigation>
	<delta>delta</delta>
	<interestContribution>2.0</interestContribution>
</interactionEvent>
<interactionEvent>
	<kind>selection</kind>
	<date>2007-04-09 23:50:59.372 GMT</date>
	<endDate>2007-04-09 23:50:59.372 GMT</endDate>
	<originId>originId</originId>
	<structureKind>structureKind</structureKind>
	<structureHandle>111</structureHandle>
	<navigation>navigatedRelation</navigation>
	<delta>delta</delta>
	<interestContribution>2.0</interestContribution>
</interactionEvent>
<interactionEvent>
	<kind>selection</kind>
	<date>2007-04-09 23:50:59.373 GMT</date>
	<endDate>2007-04-09 23:50:59.373 GMT</endDate>
	<originId>originId</originId>
	<structureKind>structureKind</structureKind>
	<structureHandle>1111</structureHandle>
	<navigation>navigatedRelation</navigation>
	<delta>delta</delta>
	<interestContribution>2.0</interestContribution>
</interactionEvent>
<interactionEvent>
	<kind>selection</kind>
	<date>2007-04-09 23:50:59.373 GMT</date>
	<endDate>2007-04-09 23:50:59.373 GMT</endDate>
	<originId>originId</originId>
	<structureKind>structureKind</structureKind>
	<structureHandle>11111</structureHandle>
	<navigation>navigatedRelation</navigation>
	<delta>delta</delta>
	<interestContribution>2.0</interestContribution>
</interactionEvent>
<interactionEvent>
	<kind>selection</kind>
	<date>2007-04-09 23:50:59.373 GMT</date>
	<endDate>2007-04-09 23:50:59.373 GMT</endDate>
	<originId>originId</originId>
	<structureKind>structureKind</structureKind>
	<structureHandle>111111</structureHandle>
	<navigation>navigatedRelation</navigation>
	<delta>delta</delta>
	<interestContribution>2.0</interestContribution>
</interactionEvent>
<interactionEvent>
	<kind>selection</kind>
	<date>2007-04-09 23:50:59.373 GMT</date>
	<endDate>2007-04-09 23:50:59.373 GMT</endDate>
	<originId>originId</originId>
	<structureKind>structureKind</structureKind>
	<structureHandle>1111111</structureHandle>
	<navigation>navigatedRelation</navigation>
	<delta>delta</delta>
	<interestContribution>2.0</interestContribution>
</interactionEvent>
<interactionEvent>
	<kind>selection</kind>
	<date>2007-04-09 23:50:59.373 GMT</date>
	<endDate>2007-04-09 23:50:59.373 GMT</endDate>
	<originId>originId</originId>
	<structureKind>structureKind</structureKind>
	<structureHandle>11111111</structureHandle>
	<navigation>navigatedRelation</navigation>
	<delta>delta</delta>
	<interestContribution>2.0</interestContribution>
</interactionEvent>
<interactionEvent>
	<kind>selection</kind>
	<date>2007-04-09 23:50:59.373 GMT</date>
	<endDate>2007-04-09 23:50:59.373 GMT</endDate>
	<originId>originId</originId>
	<structureKind>structureKind</structureKind>
	<structureHandle>111111111</structureHandle>
	<navigation>navigatedRelation</navigation>
	<delta>delta</delta>
	<interestContribution>2.0</interestContribution>
</interactionEvent>
<interactionEvent>
	<kind>selection</kind>
	<date>2007-04-09 23:50:59.373 GMT</date>
	<endDate>2007-04-09 23:50:59.373 GMT</endDate>
	<originId>originId</originId>
	<structureKind>structureKind</structureKind>
	<structureHandle>1111111111</structureHandle>
	<navigation>navigatedRelation</navigation>
	<delta>delta</delta>
	<interestContribution>2.0</interestContribution>
</interactionEvent>
<interactionEvent>
	<kind>selection</kind>
	<date>2007-04-09 23:50:59.374 GMT</date>
	<endDate>2007-04-09 23:50:59.374 GMT</endDate>
	<originId>originId</originId>
	<structureKind>structureKind</structureKind>
	<structureHandle>11111111111</structureHandle>
	<navigation>navigatedRelation</navigation>
	<delta>delta</delta>
	<interestContribution>2.0</interestContribution>
</interactionEvent>
<interactionEvent>
	<kind>selection</kind>
	<date>2007-04-09 23:50:59.374 GMT</date>
	<endDate>2007-04-09 23:50:59.374 GMT</endDate>
	<originId>originId</originId>
	<structureKind>structureKind</structureKind>
	<structureHandle>111111111111</structureHandle>
	<navigation>navigatedRelation</navigation>
	<delta>delta</delta>
	<interestContribution>2.0</interestContribution>
</interactionEvent>
<interactionEvent>
	<kind>selection</kind>
	<date>2007-04-09 23:50:59.374 GMT</date>
	<endDate>2007-04-09 23:50:59.374 GMT</endDate>
	<originId>originId</originId>
	<structureKind>structureKind</structureKind>
	<structureHandle>1111111111111</structureHandle>
	<navigation>navigatedRelation</navigation>
	<delta>delta</delta>
	<interestContribution>2.0</interestContribution>
</interactionEvent>
<interactionEvent>
	<kind>selection</kind>
	<date>2007-04-09 23:50:59.374 GMT</date>
	<endDate>2007-04-09 23:50:59.374 GMT</endDate>
	<originId>originId</originId>
	<structureKind>structureKind</structureKind>
	<structureHandle>11111111111111</structureHandle>
	<navigation>navigatedRelation</navigation>
	<delta>delta</delta>
	<interestContribution>2.0</interestContribution>
</interactionEvent>
<interactionEvent>
	<kind>selection</kind>
	<date>2007-04-09 23:50:59.374 GMT</date>
	<endDate>2007-04-09 23:50:59.374 GMT</endDate>
	<originId>originId</originId>
	<structureKind>structureKind</structureKind>
	<structureHandle>111111111111111</structureHandle>
	<navigation>navigatedRelation</navigation>
	<delta>delta</delta>
	<interestContribution>2.0</interestContribution>
</interactionEvent>
<interactionEvent>
	<kind>selection</kind>
	<date>2007-04-09 23:50:59.374 GMT</date>
	<endDate>2007-04-09 23:50:59.374 GMT</endDate>
	<originId>originId</originId>
	<structureKind>structureKind</structureKind>
	<structureHandle>1111111111111111</structureHandle>
	<navigation>navigatedRelation</navigation>
	<delta>delta</delta>
	<interestContribution>2.0</interestContribution>
</interactionEvent>
<interactionEvent>
	<kind>selection</kind>
	<date>2007-04-09 23:50:59.374 GMT</date>
	<endDate>2007-04-09 23:50:59.374 GMT</endDate>
	<originId>originId</originId>
	<structureKind>structureKind</structureKind>
	<structureHandle>11111111111111111</structureHandle>
	<navigation>navigatedRelation</navigation>
	<delta>delta</delta>
	<interestContribution>2.0</interestContribution>
</interactionEvent>
<interactionEvent>
	<kind>selection</kind>
	<date>2007-04-09 23:50:59.375 GMT</date>
	<endDate>2007-04-09 23:50:59.375 GMT</endDate>
	<originId>originId</originId>
	<structureKind>structureKind</structureKind>
	<structureHandle>111111111111111111</structureHandle>
	<navigation>navigatedRelation</navigation>
	<delta>delta</delta>
	<interestContribution>2.0</interestContribution>
</interactionEvent>
<interactionEvent>
	<kind>selection</kind>
	<date>2007-04-09 23:50:59.375 GMT</date>
	<endDate>2007-04-09 23:50:59.375 GMT</endDate>
	<originId>originId</originId>
	<structureKind>structureKind</structureKind>
	<structureHandle>1111111111111111111</structureHandle>
	<navigation>navigatedRelation</navigation>
	<delta>delta</delta>
	<interestContribution>2.0</interestContribution>
</interactionEvent>
<interactionEvent>
	<kind>selection</kind>
	<date>2007-04-09 23:50:59.375 GMT</date>
	<endDate>2007-04-09 23:50:59.375 GMT</endDate>
	<originId>originId</originId>
	<structureKind>structureKind</structureKind>
	<structureHandle>11111111111111111111</structureHandle>
	<navigation>navigatedRelation</navigation>
	<delta>delta</delta>
	<interestContribution>2.0</interestContribution>
</interactionEvent>
<interactionEvent>
	<kind>selection</kind>
	<date>2007-04-09 23:50:59.375 GMT</date>
	<endDate>2007-04-09 23:50:59.375 GMT</endDate>
	<originId>originId</originId>
	<structureKind>structureKind</structureKind>
	<structureHandle>111111111111111111111</structureHandle>
	<navigation>navigatedRelation</navigation>
	<delta>delta</delta>
	<interestContribution>2.0</interestContribution>
</interactionEvent>
<interactionEvent>
	<kind>selection</kind>
	<date>2007-04-09 23:50:59.376 GMT</date>
	<endDate>2007-04-09 23:50:59.376 GMT</endDate>
	<originId>originId</originId>
	<structureKind>structureKind</structureKind>
	<structureHandle>1111111111111111111111</structureHandle>
	<navigation>navigatedRelation</navigation>
	<delta>delta</delta>
	<interestContribution>2.0</interestContribution>
</interactionEvent>
<interactionEvent>
	<kind>selection</kind>
	<date>2007-04-09 23:50:59.376 GMT</date>
	<endDate>2007-04-09 23:50:59.376 GMT</endDate>
	<originId>originId</originId>
	<structureKind>structureKind</structureKind>
	<structureHandle>11111111111111111111111</structureHandle>
	<navigation>navigatedRelation</navigation>
	<delta>delta</delta>
	<interestContribution>2.0</interestContribution>
</interactionEvent>
<interactionEvent>
	<kind>selection</kind>
	<date>2007-04-09 23:50:59.377 GMT</date>
	<endDate>2007-04-09 23:50:59.377 GMT</endDate>
	<originId>originId</originId>
	<structureKind>structureKind</structureKind>
	<structureHandle>111111111111111111111111</structureHandle>
	<navigation>navigatedRelation</navigation>
	<delta>delta</delta>
	<interestContribution>2.0</interestContribution>
</interactionEvent>
<interactionEvent>
	<kind>selection</kind>
	<date>2007-04-09 23:50:59.377 GMT</date>
	<endDate>2007-04-09 23:50:59.377 GMT</endDate>
	<originId>originId</originId>
	<structureKind>structureKind</structureKind>
	<structureHandle>1111111111111111111111111</structureHandle>
	<navigation>navigatedRelation</navigation>
	<delta>delta</delta>
	<interestContribution>2.0</interestContribution>
</interactionEvent>
<interactionEvent>
	<kind>selection</kind>
	<date>2007-04-09 23:50:59.377 GMT</date>
	<endDate>2007-04-09 23:50:59.377 GMT</endDate>
	<originId>originId</originId>
	<structureKind>structureKind</structureKind>
	<structureHandle>11111111111111111111111111</structureHandle>
	<navigation>navigatedRelation</navigation>
	<delta>delta</delta>
	<interestContribution>2.0</interestContribution>
</interactionEvent>
<interactionEvent>
	<kind>selection</kind>
	<date>2007-04-09 23:50:59.377 GMT</date>
	<endDate>2007-04-09 23:50:59.377 GMT</endDate>
	<originId>originId</originId>
	<structureKind>structureKind</structureKind>
	<structureHandle>111111111111111111111111111</structureHandle>
	<navigation>navigatedRelation</navigation>
	<delta>delta</delta>
	<interestContribution>2.0</interestContribution>
</interactionEvent>
<interactionEvent>
	<kind>selection</kind>
	<date>2007-04-09 23:50:59.378 GMT</date>
	<endDate>2007-04-09 23:50:59.378 GMT</endDate>
	<originId>originId</originId>
	<structureKind>structureKind</structureKind>
	<structureHandle>1111111111111111111111111111</structureHandle>
	<navigation>navigatedRelation</navigation>
	<delta>delta</delta>
	<interestContribution>2.0</interestContribution>
</interactionEvent>
<interactionEvent>
	<kind>selection</kind>
	<date>2007-04-09 23:50:59.378 GMT</date>
	<endDate>2007-04-09 23:50:59.378 GMT</endDate>
	<originId>originId</originId>
	<structureKind>structureKind</structureKind>
	<structureHandle>11111111111111111111111111111</structureHandle>
	<navigation>navigatedRelation</navigation>
	<delta>delta</delta>
	<interestContribution>2.0</interestContribution>
</interactionEvent>
<interactionEvent>
	<kind>selection</kind>
	<date>2007-04-09 23:50:59.378 GMT</date>
	<endDate>2007-04-09 23:50:59.378 GMT</endDate>
	<originId>originId</originId>
	<structureKind>structureKind</structureKind>
	<structureHandle>111111111111111111111111111111</structureHandle>
	<navigation>navigatedRelation</navigation>
	<delta>delta</delta>
	<interestContribution>2.0</interestContribution>
</interactionEvent>
<interactionEvent>
	<kind>selection</kind>
	<date>2007-04-09 23:50:59.378 GMT</date>
	<endDate>2007-04-09 23:50:59.378 GMT</endDate>
	<originId>originId</originId>
	<structureKind>structureKind</structureKind>
	<structureHandle>1111111111111111111111111111111</structureHandle>
	<navigation>navigatedRelation</navigation>
	<delta>delta</delta>
	<interestContribution>2.0</interestContribution>
</interactionEvent>
<interactionEvent>
	<kind>selection</kind>
	<date>2007-04-09 23:50:59.378 GMT</date>
	<endDate>2007-04-09 23:50:59.378 GMT</endDate>
	<originId>originId</originId>
	<structureKind>structureKind</structureKind>
	<structureHandle>11111111111111111111111111111111</structureHandle>
	<navigation>navigatedRelation</navigation>
	<delta>delta</delta>
	<interestContribution>2.0</interestContribution>
</interactionEvent>
<interactionEvent>
	<kind>selection</kind>
	<date>2007-04-09 23:50:59.378 GMT</date>
	<endDate>2007-04-09 23:50:59.378 GMT</endDate>
	<originId>originId</originId>
	<structureKind>structureKind</structureKind>
	<structureHandle>111111111111111111111111111111111</structureHandle>
	<navigation>navigatedRelation</navigation>
	<delta>delta</delta>
	<interestContribution>2.0</interestContribution>
</interactionEvent>
<interactionEvent>
	<kind>selection</kind>
	<date>2007-04-09 23:50:59.378 GMT</date>
	<endDate>2007-04-09 23:50:59.378 GMT</endDate>
	<originId>originId</originId>
	<structureKind>structureKind</structureKind>
	<structureHandle>1111111111111111111111111111111111</structureHandle>
	<navigation>navigatedRelation</navigation>
	<delta>delta</delta>
	<interestContribution>2.0</interestContribution>
</interactionEvent>
<interactionEvent>
	<kind>selection</kind>
	<date>2007-04-09 23:50:59.379 GMT</date>
	<endDate>2007-04-09 23:50:59.379 GMT</endDate>
	<originId>originId</originId>
	<structureKind>structureKind</structureKind>
	<structureHandle>11111111111111111111111111111111111</structureHandle>
	<navigation>navigatedRelation</navigation>
	<delta>delta</delta>
	<interestContribution>2.0</interestContribution>
</interactionEvent>
<interactionEvent>
	<kind>selection</kind>
	<date>2007-04-09 23:50:59.379 GMT</date>
	<endDate>2007-04-09 23:50:59.379 GMT</endDate>
	<originId>originId</originId>
	<structureKind>structureKind</structureKind>
	<structureHandle>111111111111111111111111111111111111</structureHandle>
	<navigation>navigatedRelation</navigation>
	<delta>delta</delta>
	<interestContribution>2.0</interestContribution>
</interactionEvent>
<interactionEvent>
	<kind>selection</kind>
	<date>2007-04-09 23:50:59.379 GMT</date>
	<endDate>2007-04-09 23:50:59.379 GMT</endDate>
	<originId>originId</originId>
	<structureKind>structureKind</structureKind>
	<structureHandle>1111111111111111111111111111111111111</structureHandle>
	<navigation>navigatedRelation</navigation>
	<delta>delta</delta>
	<interestContribution>2.0</interestContribution>
</interactionEvent>
<interactionEvent>
	<kind>selection</kind>
	<date>2007-04-09 23:50:59.379 GMT</date>
	<endDate>2007-04-09 23:50:59.379 GMT</endDate>
	<originId>originId</originId>
	<structureKind>structureKind</structureKind>
	<structureHandle>11111111111111111111111111111111111111</structureHandle>
	<navigation>navigatedRelation</navigation>
	<delta>delta</delta>
	<interestContribution>2.0</interestContribution>
</interactionEvent>
<interactionEvent>
	<kind>selection</kind>
	<date>2007-04-09 23:50:59.379 GMT</date>
	<endDate>2007-04-09 23:50:59.379 GMT</endDate>
	<originId>originId</originId>
	<structureKind>structureKind</structureKind>
	<structureHandle>111111111111111111111111111111111111111</structureHandle>
	<navigation>navigatedRelation</navigation>
	<delta>delta</delta>
	<interestContribution>2.0</interestContribution>
</interactionEvent>
<interactionEvent>
	<kind>selection</kind>
	<date>2007-04-09 23:50:59.379 GMT</date>
	<endDate>2007-04-09 23:50:59.379 GMT</endDate>
	<originId>originId</originId>
	<structureKind>structureKind</structureKind>
	<structureHandle>1111111111111111111111111111111111111111</structureHandle>
	<navigation>navigatedRelation</navigation>
	<delta>delta</delta>
	<interestContribution>2.0</interestContribution>
</interactionEvent>
<interactionEvent>
	<kind>selection</kind>
	<date>2007-04-09 23:50:59.379 GMT</date>
	<endDate>2007-04-09 23:50:59.379 GMT</endDate>
	<originId>originId</originId>
	<structureKind>structureKind</structureKind>
	<structureHandle>11111111111111111111111111111111111111111</structureHandle>
	<navigation>navigatedRelation</navigation>
	<delta>delta</delta>
	<interestContribution>2.0</interestContribution>
</interactionEvent>
<interactionEvent>
	<kind>selection</kind>
	<date>2007-04-09 23:50:59.380 GMT</date>
	<endDate>2007-04-09 23:50:59.380 GMT</endDate>
	<originId>originId</originId>
	<structureKind>structureKind</structureKind>
	<structureHandle>111111111111111111111111111111111111111111</structureHandle>
	<navigation>navigatedRelation</navigation>
	<delta>delta</delta>
	<interestContribution>2.0</interestContribution>
</interactionEvent>
<interactionEvent>
	<kind>selection</kind>
	<date>2007-04-09 23:50:59.381 GMT</date>
	<endDate>2007-04-09 23:50:59.381 GMT</endDate>
	<originId>originId</originId>
	<structureKind>structureKind</structureKind>
	<structureHandle>1111111111111111111111111111111111111111111</structureHandle>
	<navigation>navigatedRelation</navigation>
	<delta>delta</delta>
	<interestContribution>2.0</interestContribution>
</interactionEvent>
<interactionEvent>
	<kind>selection</kind>
	<date>2007-04-09 23:50:59.381 GMT</date>
	<endDate>2007-04-09 23:50:59.381 GMT</endDate>
	<originId>originId</originId>
	<structureKind>structureKind</structureKind>
	<structureHandle>11111111111111111111111111111111111111111111</structureHandle>
	<navigation>navigatedRelation</navigation>
	<delta>delta</delta>
	<interestContribution>2.0</interestContribution>
</interactionEvent>
<interactionEvent>
	<kind>selection</kind>
	<date>2007-04-09 23:50:59.381 GMT</date>
	<endDate>2007-04-09 23:50:59.381 GMT</endDate>
	<originId>originId</originId>
	<structureKind>structureKind</structureKind>
	<structureHandle>111111111111111111111111111111111111111111111</structureHandle>
	<navigation>navigatedRelation</navigation>
	<delta>delta</delta>
	<interestContribution>2.0</interestContribution>
</interactionEvent>
<interactionEvent>
	<kind>selection</kind>
	<date>2007-04-09 23:50:59.381 GMT</date>
	<endDate>2007-04-09 23:50:59.381 GMT</endDate>
	<originId>originId</originId>
	<structureKind>structureKind</structureKind>
	<structureHandle>1111111111111111111111111111111111111111111111</structureHandle>
	<navigation>navigatedRelation</navigation>
	<delta>delta</delta>
	<interestContribution>2.0</interestContribution>
</interactionEvent>
<interactionEvent>
	<kind>selection</kind>
	<date>2007-04-09 23:50:59.381 GMT</date>
	<endDate>2007-04-09 23:50:59.381 GMT</endDate>
	<originId>originId</originId>
	<structureKind>structureKind</structureKind>
	<structureHandle>11111111111111111111111111111111111111111111111</structureHandle>
	<navigation>navigatedRelation</navigation>
	<delta>delta</delta>
	<interestContribution>2.0</interestContribution>
</interactionEvent>
<interactionEvent>
	<kind>selection</kind>
	<date>2007-04-09 23:50:59.381 GMT</date>
	<endDate>2007-04-09 23:50:59.381 GMT</endDate>
	<originId>originId</originId>
	<structureKind>structureKind</structureKind>
	<structureHandle>111111111111111111111111111111111111111111111111</structureHandle>
	<navigation>navigatedRelation</navigation>
	<delta>delta</delta>
	<interestContribution>2.0</interestContribution>
</interactionEvent>
<interactionEvent>
	<kind>selection</kind>
	<date>2007-04-09 23:50:59.381 GMT</date>
	<endDate>2007-04-09 23:50:59.381 GMT</endDate>
	<originId>originId</originId>
	<structureKind>structureKind</structureKind>
	<structureHandle>1111111111111111111111111111111111111111111111111</structureHandle>
	<navigation>navigatedRelation</navigation>
	<delta>delta</delta>
	<interestContribution>2.0</interestContribution>
</interactionEvent>
<interactionEvent>
	<kind>selection</kind>
	<date>2007-04-09 23:50:59.382 GMT</date>
	<endDate>2007-04-09 23:50:59.382 GMT</endDate>
	<originId>originId</originId>
	<structureKind>structureKind</structureKind>
	<structureHandle>11111111111111111111111111111111111111111111111111</structureHandle>
	<navigation>navigatedRelation</navigation>
	<delta>delta</delta>
	<interestContribution>2.0</interestContribution>
</interactionEvent>
<interactionEvent>
	<kind>selection</kind>
	<date>2007-04-09 23:50:59.382 GMT</date>
	<endDate>2007-04-09 23:50:59.382 GMT</endDate>
	<originId>originId</originId>
	<structureKind>structureKind</structureKind>
	<structureHandle>111111111111111111111111111111111111111111111111111</structureHandle>
	<navigation>navigatedRelation</navigation>
	<delta>delta</delta>
	<interestContribution>2.0</interestContribution>
</interactionEvent>
<interactionEvent>
	<kind>selection</kind>
	<date>2007-04-09 23:50:59.382 GMT</date>
	<endDate>2007-04-09 23:50:59.382 GMT</endDate>
	<originId>originId</originId>
	<structureKind>structureKind</structureKind>
	<structureHandle>1111111111111111111111111111111111111111111111111111</structureHandle>
	<navigation>navigatedRelation</navigation>
	<delta>delta</delta>
	<interestContribution>2.0</interestContribution>
</interactionEvent>
<interactionEvent>
	<kind>selection</kind>
	<date>2007-04-09 23:50:59.382 GMT</date>
	<endDate>2007-04-09 23:50:59.382 GMT</endDate>
	<originId>originId</originId>
	<structureKind>structureKind</structureKind>
	<structureHandle>11111111111111111111111111111111111111111111111111111</structureHandle>
	<navigation>navigatedRelation</navigation>
	<delta>delta</delta>
	<interestContribution>2.0</interestContribution>
</interactionEvent>
<interactionEvent>
	<kind>selection</kind>
	<date>2007-04-09 23:50:59.382 GMT</date>
	<endDate>2007-04-09 23:50:59.382 GMT</endDate>
	<originId>originId</originId>
	<structureKind>structureKind</structureKind>
	<structureHandle>111111111111111111111111111111111111111111111111111111</structureHandle>
	<navigation>navigatedRelation</navigation>
	<delta>delta</delta>
	<interestContribution>2.0</interestContribution>
</interactionEvent>
<interactionEvent>
	<kind>selection</kind>
	<date>2007-04-09 23:50:59.382 GMT</date>
	<endDate>2007-04-09 23:50:59.382 GMT</endDate>
	<originId>originId</originId>
	<structureKind>structureKind</structureKind>
	<structureHandle>1111111111111111111111111111111111111111111111111111111</structureHandle>
	<navigation>navigatedRelation</navigation>
	<delta>delta</delta>
	<interestContribution>2.0</interestContribution>
</interactionEvent>
<interactionEvent>
	<kind>selection</kind>
	<date>2007-04-09 23:50:59.382 GMT</date>
	<endDate>2007-04-09 23:50:59.382 GMT</endDate>
	<originId>originId</originId>
	<structureKind>structureKind</structureKind>
	<structureHandle>11111111111111111111111111111111111111111111111111111111</structureHandle>
	<navigation>navigatedRelation</navigation>
	<delta>delta</delta>
	<interestContribution>2.0</interestContribution>
</interactionEvent>
<interactionEvent>
	<kind>selection</kind>
	<date>2007-04-09 23:50:59.383 GMT</date>
	<endDate>2007-04-09 23:50:59.383 GMT</endDate>
	<originId>originId</originId>
	<structureKind>structureKind</structureKind>
	<structureHandle>111111111111111111111111111111111111111111111111111111111</structureHandle>
	<navigation>navigatedRelation</navigation>
	<delta>delta</delta>
	<interestContribution>2.0</interestContribution>
</interactionEvent>
<interactionEvent>
	<kind>selection</kind>
	<date>2007-04-09 23:50:59.383 GMT</date>
	<endDate>2007-04-09 23:50:59.383 GMT</endDate>
	<originId>originId</originId>
	<structureKind>structureKind</structureKind>
	<structureHandle>1111111111111111111111111111111111111111111111111111111111</structureHandle>
	<navigation>navigatedRelation</navigation>
	<delta>delta</delta>
	<interestContribution>2.0</interestContribution>
</interactionEvent>
<interactionEvent>
	<kind>selection</kind>
	<date>2007-04-09 23:50:59.383 GMT</date>
	<endDate>2007-04-09 23:50:59.383 GMT</endDate>
	<originId>originId</originId>
	<structureKind>structureKind</structureKind>
	<structureHandle>11111111111111111111111111111111111111111111111111111111111</structureHandle>
	<navigation>navigatedRelation</navigation>
	<delta>delta</delta>
	<interestContribution>2.0</interestContribution>
</interactionEvent>
<interactionEvent>
	<kind>selection</kind>
	<date>2007-04-09 23:50:59.383 GMT</date>
	<endDate>2007-04-09 23:50:59.383 GMT</endDate>
	<originId>originId</originId>
	<structureKind>structureKind</structureKind>
	<structureHandle>111111111111111111111111111111111111111111111111111111111111</structureHandle>
	<navigation>navigatedRelation</navigation>
	<delta>delta</delta>
	<interestContribution>2.0</interestContribution>
</interactionEvent>
<interactionEvent>
	<kind>selection</kind>
	<date>2007-04-09 23:50:59.384 GMT</date>
	<endDate>2007-04-09 23:50:59.384 GMT</endDate>
	<originId>originId</originId>
	<structureKind>structureKind</structureKind>
	<structureHandle>1111111111111111111111111111111111111111111111111111111111111</structureHandle>
	<navigation>navigatedRelation</navigation>
	<delta>delta</delta>
	<interestContribution>2.0</interestContribution>
</interactionEvent>
<interactionEvent>
	<kind>selection</kind>
	<date>2007-04-09 23:50:59.384 GMT</date>
	<endDate>2007-04-09 23:50:59.384 GMT</endDate>
	<originId>originId</originId>
	<structureKind>structureKind</structureKind>
	<structureHandle>11111111111111111111111111111111111111111111111111111111111111</structureHandle>
	<navigation>navigatedRelation</navigation>
	<delta>delta</delta>
	<interestContribution>2.0</interestContribution>
</interactionEvent>
<interactionEvent>
	<kind>selection</kind>
	<date>2007-04-09 23:50:59.384 GMT</date>
	<endDate>2007-04-09 23:50:59.384 GMT</endDate>
	<originId>originId</originId>
	<structureKind>structureKind</structureKind>
	<structureHandle>111111111111111111111111111111111111111111111111111111111111111</structureHandle>
	<navigation>navigatedRelation</navigation>
	<delta>delta</delta>
	<interestContribution>2.0</interestContribution>
</interactionEvent>
<interactionEvent>
	<kind>selection</kind>
	<date>2007-04-09 23:50:59.384 GMT</date>
	<endDate>2007-04-09 23:50:59.384 GMT</endDate>
	<originId>originId</originId>
	<structureKind>structureKind</structureKind>
	<structureHandle>1111111111111111111111111111111111111111111111111111111111111111</structureHandle>
	<navigation>navigatedRelation</navigation>
	<delta>delta</delta>
	<interestContribution>2.0</interestContribution>
</interactionEvent>
<interactionEvent>
	<kind>selection</kind>
	<date>2007-04-09 23:50:59.384 GMT</date>
	<endDate>2007-04-09 23:50:59.384 GMT</endDate>
	<originId>originId</originId>
	<structureKind>structureKind</structureKind>
	<structureHandle>11111111111111111111111111111111111111111111111111111111111111111</structureHandle>
	<navigation>navigatedRelation</navigation>
	<delta>delta</delta>
	<interestContribution>2.0</interestContribution>
</interactionEvent>
<interactionEvent>
	<kind>selection</kind>
	<date>2007-04-09 23:50:59.384 GMT</date>
	<endDate>2007-04-09 23:50:59.384 GMT</endDate>
	<originId>originId</originId>
	<structureKind>structureKind</structureKind>
	<structureHandle>111111111111111111111111111111111111111111111111111111111111111111</structureHandle>
	<navigation>navigatedRelation</navigation>
	<delta>delta</delta>
	<interestContribution>2.0</interestContribution>
</interactionEvent>
<interactionEvent>
	<kind>selection</kind>
	<date>2007-04-09 23:50:59.384 GMT</date>
	<endDate>2007-04-09 23:50:59.384 GMT</endDate>
	<originId>originId</originId>
	<structureKind>structureKind</structureKind>
	<structureHandle>1111111111111111111111111111111111111111111111111111111111111111111</structureHandle>
	<navigation>navigatedRelation</navigation>
	<delta>delta</delta>
	<interestContribution>2.0</interestContribution>
</interactionEvent>
<interactionEvent>
	<kind>selection</kind>
	<date>2007-04-09 23:50:59.384 GMT</date>
	<endDate>2007-04-09 23:50:59.384 GMT</endDate>
	<originId>originId</originId>
	<structureKind>structureKind</structureKind>
	<structureHandle>11111111111111111111111111111111111111111111111111111111111111111111</structureHandle>
	<navigation>navigatedRelation</navigation>
	<delta>delta</delta>
	<interestContribution>2.0</interestContribution>
</interactionEvent>
<interactionEvent>
	<kind>selection</kind>
	<date>2007-04-09 23:50:59.385 GMT</date>
	<endDate>2007-04-09 23:50:59.385 GMT</endDate>
	<originId>originId</originId>
	<structureKind>structureKind</structureKind>
	<structureHandle>111111111111111111111111111111111111111111111111111111111111111111111</structureHandle>
	<navigation>navigatedRelation</navigation>
	<delta>delta</delta>
	<interestContribution>2.0</interestContribution>
</interactionEvent>
<interactionEvent>
	<kind>selection</kind>
	<date>2007-04-09 23:50:59.387 GMT</date>
	<endDate>2007-04-09 23:50:59.387 GMT</endDate>
	<originId>originId</originId>
	<structureKind>structureKind</structureKind>
	<structureHandle>1111111111111111111111111111111111111111111111111111111111111111111111</structureHandle>
	<navigation>navigatedRelation</navigation>
	<delta>delta</delta>
	<interestContribution>2.0</interestContribution>
</interactionEvent>
<interactionEvent>
	<kind>selection</kind>
	<date>2007-04-09 23:50:59.387 GMT</date>
	<endDate>2007-04-09 23:50:59.387 GMT</endDate>
	<originId>originId</originId>
	<structureKind>structureKind</structureKind>
	<structureHandle>11111111111111111111111111111111111111111111111111111111111111111111111</structureHandle>
	<navigation>navigatedRelation</navigation>
	<delta>delta</delta>
	<interestContribution>2.0</interestContribution>
</interactionEvent>
<interactionEvent>
	<kind>selection</kind>
	<date>2007-04-09 23:50:59.387 GMT</date>
	<endDate>2007-04-09 23:50:59.387 GMT</endDate>
	<originId>originId</originId>
	<structureKind>structureKind</structureKind>
	<structureHandle>111111111111111111111111111111111111111111111111111111111111111111111111</structureHandle>
	<navigation>navigatedRelation</navigation>
	<delta>delta</delta>
	<interestContribution>2.0</interestContribution>
</interactionEvent>
<interactionEvent>
	<kind>selection</kind>
	<date>2007-04-09 23:50:59.387 GMT</date>
	<endDate>2007-04-09 23:50:59.387 GMT</endDate>
	<originId>originId</originId>
	<structureKind>structureKind</structureKind>
	<structureHandle>1111111111111111111111111111111111111111111111111111111111111111111111111</structureHandle>
	<navigation>navigatedRelation</navigation>
	<delta>delta</delta>
	<interestContribution>2.0</interestContribution>
</interactionEvent>
<interactionEvent>
	<kind>selection</kind>
	<date>2007-04-09 23:50:59.387 GMT</date>
	<endDate>2007-04-09 23:50:59.387 GMT</endDate>
	<originId>originId</originId>
	<structureKind>structureKind</structureKind>
	<structureHandle>11111111111111111111111111111111111111111111111111111111111111111111111111</structureHandle>
	<navigation>navigatedRelation</navigation>
	<delta>delta</delta>
	<interestContribution>2.0</interestContribution>
</interactionEvent>
<interactionEvent>
	<kind>selection</kind>
	<date>2007-04-09 23:50:59.387 GMT</date>
	<endDate>2007-04-09 23:50:59.387 GMT</endDate>
	<originId>originId</originId>
	<structureKind>structureKind</structureKind>
	<structureHandle>111111111111111111111111111111111111111111111111111111111111111111111111111</structureHandle>
	<navigation>navigatedRelation</navigation>
	<delta>delta</delta>
	<interestContribution>2.0</interestContribution>
</interactionEvent>
<interactionEvent>
	<kind>selection</kind>
	<date>2007-04-09 23:50:59.388 GMT</date>
	<endDate>2007-04-09 23:50:59.388 GMT</endDate>
	<originId>originId</originId>
	<structureKind>structureKind</structureKind>
	<structureHandle>1111111111111111111111111111111111111111111111111111111111111111111111111111</structureHandle>
	<navigation>navigatedRelation</navigation>
	<delta>delta</delta>
	<interestContribution>2.0</interestContribution>
</interactionEvent>
<interactionEvent>
	<kind>selection</kind>
	<date>2007-04-09 23:50:59.388 GMT</date>
	<endDate>2007-04-09 23:50:59.388 GMT</endDate>
	<originId>originId</originId>
	<structureKind>structureKind</structureKind>
	<structureHandle>11111111111111111111111111111111111111111111111111111111111111111111111111111</structureHandle>
	<navigation>navigatedRelation</navigation>
	<delta>delta</delta>
	<interestContribution>2.0</interestContribution>
</interactionEvent>
<interactionEvent>
	<kind>selection</kind>
	<date>2007-04-09 23:50:59.388 GMT</date>
	<endDate>2007-04-09 23:50:59.388 GMT</endDate>
	<originId>originId</originId>
	<structureKind>structureKind</structureKind>
	<structureHandle>111111111111111111111111111111111111111111111111111111111111111111111111111111</structureHandle>
	<navigation>navigatedRelation</navigation>
	<delta>delta</delta>
	<interestContribution>2.0</interestContribution>
</interactionEvent>
<interactionEvent>
	<kind>selection</kind>
	<date>2007-04-09 23:50:59.388 GMT</date>
	<endDate>2007-04-09 23:50:59.388 GMT</endDate>
	<originId>originId</originId>
	<structureKind>structureKind</structureKind>
	<structureHandle>1111111111111111111111111111111111111111111111111111111111111111111111111111111</structureHandle>
	<navigation>navigatedRelation</navigation>
	<delta>delta</delta>
	<interestContribution>2.0</interestContribution>
</interactionEvent>
<interactionEvent>
	<kind>selection</kind>
	<date>2007-04-09 23:50:59.388 GMT</date>
	<endDate>2007-04-09 23:50:59.388 GMT</endDate>
	<originId>originId</originId>
	<structureKind>structureKind</structureKind>
	<structureHandle>11111111111111111111111111111111111111111111111111111111111111111111111111111111</structureHandle>
	<navigation>navigatedRelation</navigation>
	<delta>delta</delta>
	<interestContribution>2.0</interestContribution>
</interactionEvent>
<interactionEvent>
	<kind>selection</kind>
	<date>2007-04-09 23:50:59.388 GMT</date>
	<endDate>2007-04-09 23:50:59.388 GMT</endDate>
	<originId>originId</originId>
	<structureKind>structureKind</structureKind>
	<structureHandle>111111111111111111111111111111111111111111111111111111111111111111111111111111111</structureHandle>
	<navigation>navigatedRelation</navigation>
	<delta>delta</delta>
	<interestContribution>2.0</interestContribution>
</interactionEvent>
<interactionEvent>
	<kind>selection</kind>
	<date>2007-04-09 23:50:59.388 GMT</date>
	<endDate>2007-04-09 23:50:59.388 GMT</endDate>
	<originId>originId</originId>
	<structureKind>structureKind</structureKind>
	<structureHandle>1111111111111111111111111111111111111111111111111111111111111111111111111111111111</structureHandle>
	<navigation>navigatedRelation</navigation>
	<delta>delta</delta>
	<interestContribution>2.0</interestContribution>
</interactionEvent>
<interactionEvent>
	<kind>selection</kind>
	<date>2007-04-09 23:50:59.389 GMT</date>
	<endDate>2007-04-09 23:50:59.389 GMT</endDate>
	<originId>originId</originId>
	<structureKind>structureKind</structureKind>
	<structureHandle>11111111111111111111111111111111111111111111111111111111111111111111111111111111111</structureHandle>
	<navigation>navigatedRelation</navigation>
	<delta>delta</delta>
	<interestContribution>2.0</interestContribution>
</interactionEvent>
<interactionEvent>
	<kind>selection</kind>
	<date>2007-04-09 23:50:59.390 GMT</date>
	<endDate>2007-04-09 23:50:59.390 GMT</endDate>
	<originId>originId</originId>
	<structureKind>structureKind</structureKind>
	<structureHandle>111111111111111111111111111111111111111111111111111111111111111111111111111111111111</structureHandle>
	<navigation>navigatedRelation</navigation>
	<delta>delta</delta>
	<interestContribution>2.0</interestContribution>
</interactionEvent>
<interactionEvent>
	<kind>selection</kind>
	<date>2007-04-09 23:50:59.390 GMT</date>
	<endDate>2007-04-09 23:50:59.390 GMT</endDate>
	<originId>originId</originId>
	<structureKind>structureKind</structureKind>
	<structureHandle>1111111111111111111111111111111111111111111111111111111111111111111111111111111111111</structureHandle>
	<navigation>navigatedRelation</navigation>
	<delta>delta</delta>
	<interestContribution>2.0</interestContribution>
</interactionEvent>
<interactionEvent>
	<kind>selection</kind>
	<date>2007-04-09 23:50:59.390 GMT</date>
	<endDate>2007-04-09 23:50:59.390 GMT</endDate>
	<originId>originId</originId>
	<structureKind>structureKind</structureKind>
	<structureHandle>11111111111111111111111111111111111111111111111111111111111111111111111111111111111111</structureHandle>
	<navigation>navigatedRelation</navigation>
	<delta>delta</delta>
	<interestContribution>2.0</interestContribution>
</interactionEvent>
<interactionEvent>
	<kind>selection</kind>
	<date>2007-04-09 23:50:59.390 GMT</date>
	<endDate>2007-04-09 23:50:59.390 GMT</endDate>
	<originId>originId</originId>
	<structureKind>structureKind</structureKind>
	<structureHandle>111111111111111111111111111111111111111111111111111111111111111111111111111111111111111</structureHandle>
	<navigation>navigatedRelation</navigation>
	<delta>delta</delta>
	<interestContribution>2.0</interestContribution>
</interactionEvent>
<interactionEvent>
	<kind>selection</kind>
	<date>2007-04-09 23:50:59.390 GMT</date>
	<endDate>2007-04-09 23:50:59.390 GMT</endDate>
	<originId>originId</originId>
	<structureKind>structureKind</structureKind>
	<structureHandle>1111111111111111111111111111111111111111111111111111111111111111111111111111111111111111</structureHandle>
	<navigation>navigatedRelation</navigation>
	<delta>delta</delta>
	<interestContribution>2.0</interestContribution>
</interactionEvent>
<interactionEvent>
	<kind>selection</kind>
	<date>2007-04-09 23:50:59.390 GMT</date>
	<endDate>2007-04-09 23:50:59.390 GMT</endDate>
	<originId>originId</originId>
	<structureKind>structureKind</structureKind>
	<structureHandle>11111111111111111111111111111111111111111111111111111111111111111111111111111111111111111</structureHandle>
	<navigation>navigatedRelation</navigation>
	<delta>delta</delta>
	<interestContribution>2.0</interestContribution>
</interactionEvent>
<interactionEvent>
	<kind>selection</kind>
	<date>2007-04-09 23:50:59.391 GMT</date>
	<endDate>2007-04-09 23:50:59.391 GMT</endDate>
	<originId>originId</originId>
	<structureKind>structureKind</structureKind>
	<structureHandle>111111111111111111111111111111111111111111111111111111111111111111111111111111111111111111</structureHandle>
	<navigation>navigatedRelation</navigation>
	<delta>delta</delta>
	<interestContribution>2.0</interestContribution>
</interactionEvent>
<interactionEvent>
	<kind>selection</kind>
	<date>2007-04-09 23:50:59.391 GMT</date>
	<endDate>2007-04-09 23:50:59.391 GMT</endDate>
	<originId>originId</originId>
	<structureKind>structureKind</structureKind>
	<structureHandle>1111111111111111111111111111111111111111111111111111111111111111111111111111111111111111111</structureHandle>
	<navigation>navigatedRelation</navigation>
	<delta>delta</delta>
	<interestContribution>2.0</interestContribution>
</interactionEvent>
<interactionEvent>
	<kind>selection</kind>
	<date>2007-04-09 23:50:59.391 GMT</date>
	<endDate>2007-04-09 23:50:59.391 GMT</endDate>
	<originId>originId</originId>
	<structureKind>structureKind</structureKind>
	<structureHandle>11111111111111111111111111111111111111111111111111111111111111111111111111111111111111111111</structureHandle>
	<navigation>navigatedRelation</navigation>
	<delta>delta</delta>
	<interestContribution>2.0</interestContribution>
</interactionEvent>
<interactionEvent>
	<kind>selection</kind>
	<date>2007-04-09 23:50:59.391 GMT</date>
	<endDate>2007-04-09 23:50:59.391 GMT</endDate>
	<originId>originId</originId>
	<structureKind>structureKind</structureKind>
	<structureHandle>111111111111111111111111111111111111111111111111111111111111111111111111111111111111111111111</structureHandle>
	<navigation>navigatedRelation</navigation>
	<delta>delta</delta>
	<interestContribution>2.0</interestContribution>
</interactionEvent>
<interactionEvent>
	<kind>selection</kind>
	<date>2007-04-09 23:50:59.391 GMT</date>
	<endDate>2007-04-09 23:50:59.391 GMT</endDate>
	<originId>originId</originId>
	<structureKind>structureKind</structureKind>
	<structureHandle>1111111111111111111111111111111111111111111111111111111111111111111111111111111111111111111111</structureHandle>
	<navigation>navigatedRelation</navigation>
	<delta>delta</delta>
	<interestContribution>2.0</interestContribution>
</interactionEvent>
<interactionEvent>
	<kind>selection</kind>
	<date>2007-04-09 23:50:59.391 GMT</date>
	<endDate>2007-04-09 23:50:59.391 GMT</endDate>
	<originId>originId</originId>
	<structureKind>structureKind</structureKind>
	<structureHandle>11111111111111111111111111111111111111111111111111111111111111111111111111111111111111111111111</structureHandle>
	<navigation>navigatedRelation</navigation>
	<delta>delta</delta>
	<interestContribution>2.0</interestContribution>
</interactionEvent>
<interactionEvent>
	<kind>selection</kind>
	<date>2007-04-09 23:50:59.391 GMT</date>
	<endDate>2007-04-09 23:50:59.391 GMT</endDate>
	<originId>originId</originId>
	<structureKind>structureKind</structureKind>
	<structureHandle>111111111111111111111111111111111111111111111111111111111111111111111111111111111111111111111111</structureHandle>
	<navigation>navigatedRelation</navigation>
	<delta>delta</delta>
	<interestContribution>2.0</interestContribution>
</interactionEvent>
<interactionEvent>
	<kind>selection</kind>
	<date>2007-04-09 23:50:59.391 GMT</date>
	<endDate>2007-04-09 23:50:59.391 GMT</endDate>
	<originId>originId</originId>
	<structureKind>structureKind</structureKind>
	<structureHandle>1111111111111111111111111111111111111111111111111111111111111111111111111111111111111111111111111</structureHandle>
	<navigation>navigatedRelation</navigation>
	<delta>delta</delta>
	<interestContribution>2.0</interestContribution>
</interactionEvent>
<interactionEvent>
	<kind>selection</kind>
	<date>2007-04-09 23:50:59.391 GMT</date>
	<endDate>2007-04-09 23:50:59.391 GMT</endDate>
	<originId>originId</originId>
	<structureKind>structureKind</structureKind>
	<structureHandle>11111111111111111111111111111111111111111111111111111111111111111111111111111111111111111111111111</structureHandle>
	<navigation>navigatedRelation</navigation>
	<delta>delta</delta>
	<interestContribution>2.0</interestContribution>
</interactionEvent>
<interactionEvent>
	<kind>selection</kind>
	<date>2007-04-09 23:50:59.392 GMT</date>
	<endDate>2007-04-09 23:50:59.392 GMT</endDate>
	<originId>originId</originId>
	<structureKind>structureKind</structureKind>
	<structureHandle>111111111111111111111111111111111111111111111111111111111111111111111111111111111111111111111111111</structureHandle>
	<navigation>navigatedRelation</navigation>
	<delta>delta</delta>
	<interestContribution>2.0</interestContribution>
</interactionEvent>
<interactionEvent>
	<kind>selection</kind>
	<date>2007-04-09 23:50:59.392 GMT</date>
	<endDate>2007-04-09 23:50:59.392 GMT</endDate>
	<originId>originId</originId>
	<structureKind>structureKind</structureKind>
	<structureHandle>1111111111111111111111111111111111111111111111111111111111111111111111111111111111111111111111111111</structureHandle>
	<navigation>navigatedRelation</navigation>
	<delta>delta</delta>
	<interestContribution>2.0</interestContribution>
</interactionEvent>
